{"/home/linchangyi/Git/languageget/miniprogram/pages/file/index.js": {"path":"/home/linchangyi/Git/languageget/miniprogram/pages/file/index.js","statementMap":{"0":{"start":{"line":2,"column":12},"end":{"line":2,"column":20}},"1":{"start":{"line":4,"column":0},"end":{"line":159,"column":2}},"2":{"start":{"line":19,"column":8},"end":{"line":19,"column":16}},"3":{"start":{"line":22,"column":8},"end":{"line":30,"column":9}},"4":{"start":{"line":24,"column":12},"end":{"line":24,"column":64}},"5":{"start":{"line":25,"column":12},"end":{"line":25,"column":69}},"6":{"start":{"line":26,"column":12},"end":{"line":26,"column":35}},"7":{"start":{"line":27,"column":12},"end":{"line":27,"column":28}},"8":{"start":{"line":29,"column":12},"end":{"line":29,"column":33}},"9":{"start":{"line":33,"column":8},"end":{"line":50,"column":9}},"10":{"start":{"line":34,"column":12},"end":{"line":45,"column":14}},"11":{"start":{"line":35,"column":32},"end":{"line":35,"column":44}},"12":{"start":{"line":36,"column":29},"end":{"line":36,"column":89}},"13":{"start":{"line":37,"column":16},"end":{"line":43,"column":17}},"14":{"start":{"line":38,"column":20},"end":{"line":42,"column":21}},"15":{"start":{"line":39,"column":24},"end":{"line":39,"column":41}},"16":{"start":{"line":41,"column":24},"end":{"line":41,"column":55}},"17":{"start":{"line":44,"column":16},"end":{"line":44,"column":80}},"18":{"start":{"line":46,"column":12},"end":{"line":46,"column":74}},"19":{"start":{"line":47,"column":12},"end":{"line":47,"column":35}},"20":{"start":{"line":49,"column":12},"end":{"line":49,"column":33}},"21":{"start":{"line":53,"column":8},"end":{"line":71,"column":9}},"22":{"start":{"line":54,"column":26},"end":{"line":54,"column":96}},"23":{"start":{"line":55,"column":12},"end":{"line":68,"column":13}},"24":{"start":{"line":56,"column":16},"end":{"line":58,"column":19}},"25":{"start":{"line":60,"column":16},"end":{"line":67,"column":25}},"26":{"start":{"line":62,"column":20},"end":{"line":64,"column":22}},"27":{"start":{"line":65,"column":20},"end":{"line":65,"column":53}},"28":{"start":{"line":66,"column":20},"end":{"line":66,"column":43}},"29":{"start":{"line":70,"column":12},"end":{"line":70,"column":33}},"30":{"start":{"line":74,"column":8},"end":{"line":94,"column":9}},"31":{"start":{"line":75,"column":31},"end":{"line":75,"column":76}},"32":{"start":{"line":76,"column":12},"end":{"line":91,"column":13}},"33":{"start":{"line":77,"column":16},"end":{"line":83,"column":18}},"34":{"start":{"line":78,"column":32},"end":{"line":78,"column":111}},"35":{"start":{"line":79,"column":20},"end":{"line":79,"column":50}},"36":{"start":{"line":86,"column":16},"end":{"line":86,"column":43}},"37":{"start":{"line":87,"column":16},"end":{"line":89,"column":18}},"38":{"start":{"line":90,"column":16},"end":{"line":90,"column":39}},"39":{"start":{"line":93,"column":12},"end":{"line":93,"column":33}},"40":{"start":{"line":97,"column":6},"end":{"line":97,"column":40}},"41":{"start":{"line":98,"column":6},"end":{"line":98,"column":29}},"42":{"start":{"line":101,"column":8},"end":{"line":144,"column":9}},"43":{"start":{"line":102,"column":30},"end":{"line":102,"column":65}},"44":{"start":{"line":103,"column":12},"end":{"line":141,"column":13}},"45":{"start":{"line":106,"column":20},"end":{"line":113,"column":21}},"46":{"start":{"line":107,"column":44},"end":{"line":107,"column":112}},"47":{"start":{"line":107,"column":96},"end":{"line":107,"column":111}},"48":{"start":{"line":108,"column":24},"end":{"line":108,"column":108}},"49":{"start":{"line":109,"column":24},"end":{"line":109,"column":47}},"50":{"start":{"line":110,"column":24},"end":{"line":110,"column":40}},"51":{"start":{"line":112,"column":24},"end":{"line":112,"column":82}},"52":{"start":{"line":114,"column":20},"end":{"line":114,"column":26}},"53":{"start":{"line":117,"column":38},"end":{"line":117,"column":73}},"54":{"start":{"line":118,"column":33},"end":{"line":118,"column":67}},"55":{"start":{"line":119,"column":20},"end":{"line":139,"column":21}},"56":{"start":{"line":121,"column":24},"end":{"line":121,"column":62}},"57":{"start":{"line":122,"column":24},"end":{"line":122,"column":47}},"58":{"start":{"line":123,"column":24},"end":{"line":123,"column":40}},"59":{"start":{"line":124,"column":27},"end":{"line":139,"column":21}},"60":{"start":{"line":126,"column":24},"end":{"line":138,"column":25}},"61":{"start":{"line":127,"column":28},"end":{"line":127,"column":43}},"62":{"start":{"line":130,"column":45},"end":{"line":134,"column":29}},"63":{"start":{"line":131,"column":32},"end":{"line":131,"column":66}},"64":{"start":{"line":132,"column":32},"end":{"line":132,"column":55}},"65":{"start":{"line":133,"column":32},"end":{"line":133,"column":47}},"66":{"start":{"line":135,"column":28},"end":{"line":137,"column":45}},"67":{"start":{"line":136,"column":32},"end":{"line":136,"column":79}},"68":{"start":{"line":137,"column":35},"end":{"line":137,"column":45}},"69":{"start":{"line":140,"column":20},"end":{"line":140,"column":26}},"70":{"start":{"line":143,"column":12},"end":{"line":143,"column":33}},"71":{"start":{"line":147,"column":8},"end":{"line":157,"column":9}},"72":{"start":{"line":148,"column":26},"end":{"line":148,"column":86}},"73":{"start":{"line":149,"column":12},"end":{"line":154,"column":14}},"74":{"start":{"line":150,"column":16},"end":{"line":152,"column":17}},"75":{"start":{"line":151,"column":20},"end":{"line":151,"column":36}},"76":{"start":{"line":156,"column":12},"end":{"line":156,"column":33}}},"fnMap":{"0":{"name":"(anonymous_0)","decl":{"start":{"line":18,"column":6},"end":{"line":18,"column":7}},"loc":{"start":{"line":18,"column":18},"end":{"line":20,"column":5}},"line":18},"1":{"name":"(anonymous_1)","decl":{"start":{"line":21,"column":12},"end":{"line":21,"column":13}},"loc":{"start":{"line":21,"column":24},"end":{"line":31,"column":5}},"line":21},"2":{"name":"(anonymous_2)","decl":{"start":{"line":32,"column":15},"end":{"line":32,"column":16}},"loc":{"start":{"line":32,"column":27},"end":{"line":51,"column":5}},"line":32},"3":{"name":"(anonymous_3)","decl":{"start":{"line":34,"column":84},"end":{"line":34,"column":85}},"loc":{"start":{"line":34,"column":97},"end":{"line":45,"column":13}},"line":34},"4":{"name":"(anonymous_4)","decl":{"start":{"line":52,"column":14},"end":{"line":52,"column":15}},"loc":{"start":{"line":52,"column":26},"end":{"line":72,"column":5}},"line":52},"5":{"name":"(anonymous_5)","decl":{"start":{"line":60,"column":68},"end":{"line":60,"column":69}},"loc":{"start":{"line":60,"column":76},"end":{"line":67,"column":17}},"line":60},"6":{"name":"(anonymous_6)","decl":{"start":{"line":73,"column":13},"end":{"line":73,"column":14}},"loc":{"start":{"line":73,"column":24},"end":{"line":95,"column":5}},"line":73},"7":{"name":"(anonymous_7)","decl":{"start":{"line":77,"column":36},"end":{"line":77,"column":37}},"loc":{"start":{"line":77,"column":40},"end":{"line":80,"column":17}},"line":77},"8":{"name":"(anonymous_8)","decl":{"start":{"line":80,"column":18},"end":{"line":80,"column":19}},"loc":{"start":{"line":80,"column":22},"end":{"line":83,"column":17}},"line":80},"9":{"name":"(anonymous_9)","decl":{"start":{"line":96,"column":21},"end":{"line":96,"column":22}},"loc":{"start":{"line":96,"column":33},"end":{"line":99,"column":5}},"line":96},"10":{"name":"(anonymous_10)","decl":{"start":{"line":100,"column":16},"end":{"line":100,"column":17}},"loc":{"start":{"line":100,"column":29},"end":{"line":145,"column":5}},"line":100},"11":{"name":"(anonymous_11)","decl":{"start":{"line":107,"column":85},"end":{"line":107,"column":86}},"loc":{"start":{"line":107,"column":96},"end":{"line":107,"column":111}},"line":107},"12":{"name":"(anonymous_12)","decl":{"start":{"line":130,"column":45},"end":{"line":130,"column":46}},"loc":{"start":{"line":130,"column":51},"end":{"line":134,"column":29}},"line":130},"13":{"name":"(anonymous_13)","decl":{"start":{"line":136,"column":70},"end":{"line":136,"column":71}},"loc":{"start":{"line":136,"column":76},"end":{"line":136,"column":78}},"line":136},"14":{"name":"(anonymous_14)","decl":{"start":{"line":146,"column":17},"end":{"line":146,"column":18}},"loc":{"start":{"line":146,"column":30},"end":{"line":158,"column":5}},"line":146},"15":{"name":"(anonymous_15)","decl":{"start":{"line":149,"column":49},"end":{"line":149,"column":50}},"loc":{"start":{"line":149,"column":55},"end":{"line":153,"column":13}},"line":149},"16":{"name":"(anonymous_16)","decl":{"start":{"line":153,"column":15},"end":{"line":153,"column":16}},"loc":{"start":{"line":153,"column":21},"end":{"line":154,"column":13}},"line":153}},"branchMap":{"0":{"loc":{"start":{"line":37,"column":16},"end":{"line":43,"column":17}},"type":"if","locations":[{"start":{"line":37,"column":16},"end":{"line":43,"column":17}},{"start":{},"end":{}}],"line":37},"1":{"loc":{"start":{"line":38,"column":20},"end":{"line":42,"column":21}},"type":"if","locations":[{"start":{"line":38,"column":20},"end":{"line":42,"column":21}},{"start":{"line":40,"column":25},"end":{"line":42,"column":21}}],"line":38},"2":{"loc":{"start":{"line":55,"column":12},"end":{"line":68,"column":13}},"type":"if","locations":[{"start":{"line":55,"column":12},"end":{"line":68,"column":13}},{"start":{"line":59,"column":17},"end":{"line":68,"column":13}}],"line":55},"3":{"loc":{"start":{"line":76,"column":12},"end":{"line":91,"column":13}},"type":"if","locations":[{"start":{"line":76,"column":12},"end":{"line":91,"column":13}},{"start":{"line":84,"column":18},"end":{"line":91,"column":13}}],"line":76},"4":{"loc":{"start":{"line":103,"column":12},"end":{"line":141,"column":13}},"type":"switch","locations":[{"start":{"line":104,"column":16},"end":{"line":114,"column":26}},{"start":{"line":115,"column":16},"end":{"line":140,"column":26}}],"line":103},"5":{"loc":{"start":{"line":106,"column":20},"end":{"line":113,"column":21}},"type":"if","locations":[{"start":{"line":106,"column":20},"end":{"line":113,"column":21}},{"start":{"line":111,"column":27},"end":{"line":113,"column":21}}],"line":106},"6":{"loc":{"start":{"line":107,"column":96},"end":{"line":107,"column":111}},"type":"binary-expr","locations":[{"start":{"line":107,"column":96},"end":{"line":107,"column":100}},{"start":{"line":107,"column":102},"end":{"line":107,"column":111}}],"line":107},"7":{"loc":{"start":{"line":119,"column":20},"end":{"line":139,"column":21}},"type":"if","locations":[{"start":{"line":119,"column":20},"end":{"line":139,"column":21}},{"start":{"line":124,"column":27},"end":{"line":139,"column":21}}],"line":119},"8":{"loc":{"start":{"line":119,"column":24},"end":{"line":119,"column":54}},"type":"binary-expr","locations":[{"start":{"line":119,"column":24},"end":{"line":119,"column":34}},{"start":{"line":119,"column":36},"end":{"line":119,"column":54}}],"line":119},"9":{"loc":{"start":{"line":124,"column":27},"end":{"line":139,"column":21}},"type":"if","locations":[{"start":{"line":124,"column":27},"end":{"line":139,"column":21}},{"start":{},"end":{}}],"line":124},"10":{"loc":{"start":{"line":126,"column":24},"end":{"line":138,"column":25}},"type":"if","locations":[{"start":{"line":126,"column":24},"end":{"line":138,"column":25}},{"start":{"line":128,"column":29},"end":{"line":138,"column":25}}],"line":126},"11":{"loc":{"start":{"line":135,"column":28},"end":{"line":137,"column":45}},"type":"if","locations":[{"start":{"line":135,"column":28},"end":{"line":137,"column":45}},{"start":{"line":137,"column":35},"end":{"line":137,"column":45}}],"line":135},"12":{"loc":{"start":{"line":150,"column":16},"end":{"line":152,"column":17}},"type":"if","locations":[{"start":{"line":150,"column":16},"end":{"line":152,"column":17}},{"start":{},"end":{}}],"line":150}},"s":{"0":1,"1":1,"2":1,"3":0,"4":0,"5":0,"6":0,"7":0,"8":0,"9":0,"10":0,"11":0,"12":0,"13":0,"14":0,"15":0,"16":0,"17":0,"18":0,"19":0,"20":0,"21":0,"22":0,"23":0,"24":0,"25":0,"26":0,"27":0,"28":0,"29":0,"30":0,"31":0,"32":0,"33":0,"34":0,"35":0,"36":0,"37":0,"38":0,"39":0,"40":0,"41":0,"42":0,"43":0,"44":0,"45":0,"46":0,"47":0,"48":0,"49":0,"50":0,"51":0,"52":0,"53":0,"54":0,"55":0,"56":0,"57":0,"58":0,"59":0,"60":0,"61":0,"62":0,"63":0,"64":0,"65":0,"66":0,"67":0,"68":0,"69":0,"70":0,"71":0,"72":0,"73":0,"74":0,"75":0,"76":0},"f":{"0":1,"1":0,"2":0,"3":0,"4":0,"5":0,"6":0,"7":0,"8":0,"9":0,"10":0,"11":0,"12":0,"13":0,"14":0,"15":0,"16":0},"b":{"0":[0,0],"1":[0,0],"2":[0,0],"3":[0,0],"4":[0,0],"5":[0,0],"6":[0,0],"7":[0,0],"8":[0,0],"9":[0,0],"10":[0,0],"11":[0,0],"12":[0,0]},"_coverageSchema":"1a1c01bbd47fc00a2c39e90264f33305004495a9","hash":"e88de4c2fad0494fe1058ad944391103dfcc2344"}
}
